
  .   ____          _            __ _ _
 /\\ / ___'_ __ _ _(_)_ __  __ _ \ \ \ \
( ( )\___ | '_ | '_| | '_ \/ _` | \ \ \ \
 \\/  ___)| |_)| | | | | || (_| |  ) ) ) )
  '  |____| .__|_| |_|_| |_\__, | / / / /
 =========|_|==============|___/=/_/_/_/

 :: Spring Boot ::                (v3.3.5)

2026-05-29T23:45:31.334+05:30  INFO 24268 --- [           main] com.bookmyturf.BookMyTurfApp             : Starting BookMyTurfApp v0.0.1-SNAPSHOT using Java 21.0.2 with PID 24268 (C:\Users\mkadu\OneDrive\Desktop\BookMyTurf\backend\target\bookmyturf-backend-0.0.1-SNAPSHOT.jar started by mkadu in C:\Users\mkadu\OneDrive\Desktop\BookMyTurf\backend)
2026-05-29T23:45:31.337+05:30  INFO 24268 --- [           main] com.bookmyturf.BookMyTurfApp             : No active profile set, falling back to 1 default profile: "default"
2026-05-29T23:45:32.864+05:30  INFO 24268 --- [           main] .s.d.r.c.RepositoryConfigurationDelegate : Bootstrapping Spring Data JPA repositories in DEFAULT mode.
2026-05-29T23:45:33.071+05:30  INFO 24268 --- [           main] .s.d.r.c.RepositoryConfigurationDelegate : Finished Spring Data repository scanning in 195 ms. Found 19 JPA repository interfaces.
2026-05-29T23:45:34.435+05:30  INFO 24268 --- [           main] o.s.b.w.embedded.tomcat.TomcatWebServer  : Tomcat initialized with port 8080 (http)
2026-05-29T23:45:34.460+05:30  INFO 24268 --- [           main] o.apache.catalina.core.StandardService   : Starting service [Tomcat]
2026-05-29T23:45:34.460+05:30  INFO 24268 --- [           main] o.apache.catalina.core.StandardEngine    : Starting Servlet engine: [Apache Tomcat/10.1.31]
2026-05-29T23:45:34.527+05:30  INFO 24268 --- [           main] o.a.c.c.C.[Tomcat].[localhost].[/]       : Initializing Spring embedded WebApplicationContext
2026-05-29T23:45:34.529+05:30  INFO 24268 --- [           main] w.s.c.ServletWebServerApplicationContext : Root WebApplicationContext: initialization completed in 3100 ms
2026-05-29T23:45:34.983+05:30  INFO 24268 --- [           main] o.hibernate.jpa.internal.util.LogHelper  : HHH000204: Processing PersistenceUnitInfo [name: default]
2026-05-29T23:45:35.180+05:30  INFO 24268 --- [           main] org.hibernate.Version                    : HHH000412: Hibernate ORM core version 6.5.3.Final
2026-05-29T23:45:35.234+05:30  INFO 24268 --- [           main] o.h.c.internal.RegionFactoryInitiator    : HHH000026: Second-level cache disabled
2026-05-29T23:45:35.935+05:30  INFO 24268 --- [           main] o.s.o.j.p.SpringPersistenceUnitInfo      : No LoadTimeWeaver setup: ignoring JPA class transformer
2026-05-29T23:45:36.001+05:30  INFO 24268 --- [           main] com.zaxxer.hikari.HikariDataSource       : HikariPool-1 - Starting...
2026-05-29T23:45:36.262+05:30  INFO 24268 --- [           main] com.zaxxer.hikari.pool.HikariPool        : HikariPool-1 - Added connection com.mysql.cj.jdbc.ConnectionImpl@71fb8301
2026-05-29T23:45:36.264+05:30  INFO 24268 --- [           main] com.zaxxer.hikari.HikariDataSource       : HikariPool-1 - Start completed.
2026-05-29T23:45:36.326+05:30  WARN 24268 --- [           main] org.hibernate.orm.deprecation            : HHH90000025: MySQLDialect does not need to be specified explicitly using 'hibernate.dialect' (remove the property setting and it will be selected by default)
2026-05-29T23:45:37.964+05:30  INFO 24268 --- [           main] o.h.e.t.j.p.i.JtaPlatformInitiator       : HHH000489: No JTA platform available (set 'hibernate.transaction.jta.platform' to enable JTA platform integration)
2026-05-29T23:45:38.536+05:30  INFO 24268 --- [           main] j.LocalContainerEntityManagerFactoryBean : Initialized JPA EntityManagerFactory for persistence unit 'default'
2026-05-29T23:45:39.321+05:30  INFO 24268 --- [           main] o.s.d.j.r.query.QueryEnhancerFactory     : Hibernate is in classpath; If applicable, HQL parser will be used.
2026-05-29T23:45:41.749+05:30  WARN 24268 --- [           main] .s.s.UserDetailsServiceAutoConfiguration : 

Using generated security password: d8554a94-ef46-457b-b7eb-9df12663e69e

This generated password is for development use only. Your security configuration must be updated before running your application in production.

2026-05-29T23:45:41.777+05:30  INFO 24268 --- [           main] r$InitializeUserDetailsManagerConfigurer : Global AuthenticationManager configured with UserDetailsService bean with name inMemoryUserDetailsManager
2026-05-29T23:45:42.714+05:30  INFO 24268 --- [           main] o.s.b.w.embedded.tomcat.TomcatWebServer  : Tomcat started on port 8080 (http) with context path '/'
2026-05-29T23:45:42.737+05:30  INFO 24268 --- [           main] com.bookmyturf.BookMyTurfApp             : Started BookMyTurfApp in 12.056 seconds (process running for 13.261)
2026-05-29T23:46:04.477+05:30  INFO 24268 --- [nio-8080-exec-3] o.a.c.c.C.[Tomcat].[localhost].[/]       : Initializing Spring DispatcherServlet 'dispatcherServlet'
2026-05-29T23:46:04.477+05:30  INFO 24268 --- [nio-8080-exec-3] o.s.web.servlet.DispatcherServlet        : Initializing Servlet 'dispatcherServlet'
2026-05-29T23:46:04.479+05:30  INFO 24268 --- [nio-8080-exec-3] o.s.web.servlet.DispatcherServlet        : Completed initialization in 2 ms
