
  .   ____          _            __ _ _
 /\\ / ___'_ __ _ _(_)_ __  __ _ \ \ \ \
( ( )\___ | '_ | '_| | '_ \/ _` | \ \ \ \
 \\/  ___)| |_)| | | | | || (_| |  ) ) ) )
  '  |____| .__|_| |_|_| |_\__, | / / / /
 =========|_|==============|___/=/_/_/_/

 :: Spring Boot ::                (v3.3.5)

2026-05-29T23:45:51.386+05:30  INFO 31500 --- [           main] com.bookmyturf.BookMyTurfApp             : Starting BookMyTurfApp v0.0.1-SNAPSHOT using Java 21.0.2 with PID 31500 (C:\Users\mkadu\OneDrive\Desktop\BookMyTurf\backend\target\bookmyturf-backend-0.0.1-SNAPSHOT.jar started by mkadu in C:\Users\mkadu\OneDrive\Desktop\BookMyTurf\backend)
2026-05-29T23:45:51.389+05:30  INFO 31500 --- [           main] com.bookmyturf.BookMyTurfApp             : No active profile set, falling back to 1 default profile: "default"
2026-05-29T23:45:52.862+05:30  INFO 31500 --- [           main] .s.d.r.c.RepositoryConfigurationDelegate : Bootstrapping Spring Data JPA repositories in DEFAULT mode.
2026-05-29T23:45:53.069+05:30  INFO 31500 --- [           main] .s.d.r.c.RepositoryConfigurationDelegate : Finished Spring Data repository scanning in 191 ms. Found 19 JPA repository interfaces.
2026-05-29T23:45:54.368+05:30  INFO 31500 --- [           main] o.s.b.w.embedded.tomcat.TomcatWebServer  : Tomcat initialized with port 8080 (http)
2026-05-29T23:45:54.399+05:30  INFO 31500 --- [           main] o.apache.catalina.core.StandardService   : Starting service [Tomcat]
2026-05-29T23:45:54.399+05:30  INFO 31500 --- [           main] o.apache.catalina.core.StandardEngine    : Starting Servlet engine: [Apache Tomcat/10.1.31]
2026-05-29T23:45:54.462+05:30  INFO 31500 --- [           main] o.a.c.c.C.[Tomcat].[localhost].[/]       : Initializing Spring embedded WebApplicationContext
2026-05-29T23:45:54.464+05:30  INFO 31500 --- [           main] w.s.c.ServletWebServerApplicationContext : Root WebApplicationContext: initialization completed in 2991 ms
2026-05-29T23:45:54.802+05:30  INFO 31500 --- [           main] o.hibernate.jpa.internal.util.LogHelper  : HHH000204: Processing PersistenceUnitInfo [name: default]
2026-05-29T23:45:54.950+05:30  INFO 31500 --- [           main] org.hibernate.Version                    : HHH000412: Hibernate ORM core version 6.5.3.Final
2026-05-29T23:45:54.997+05:30  INFO 31500 --- [           main] o.h.c.internal.RegionFactoryInitiator    : HHH000026: Second-level cache disabled
2026-05-29T23:45:55.526+05:30  INFO 31500 --- [           main] o.s.o.j.p.SpringPersistenceUnitInfo      : No LoadTimeWeaver setup: ignoring JPA class transformer
2026-05-29T23:45:55.564+05:30  INFO 31500 --- [           main] com.zaxxer.hikari.HikariDataSource       : HikariPool-1 - Starting...
2026-05-29T23:45:55.808+05:30  INFO 31500 --- [           main] com.zaxxer.hikari.pool.HikariPool        : HikariPool-1 - Added connection com.mysql.cj.jdbc.ConnectionImpl@1c4057f9
2026-05-29T23:45:55.810+05:30  INFO 31500 --- [           main] com.zaxxer.hikari.HikariDataSource       : HikariPool-1 - Start completed.
2026-05-29T23:45:55.858+05:30  WARN 31500 --- [           main] org.hibernate.orm.deprecation            : HHH90000025: MySQLDialect does not need to be specified explicitly using 'hibernate.dialect' (remove the property setting and it will be selected by default)
2026-05-29T23:45:57.343+05:30  INFO 31500 --- [           main] o.h.e.t.j.p.i.JtaPlatformInitiator       : HHH000489: No JTA platform available (set 'hibernate.transaction.jta.platform' to enable JTA platform integration)
2026-05-29T23:45:57.948+05:30  INFO 31500 --- [           main] j.LocalContainerEntityManagerFactoryBean : Initialized JPA EntityManagerFactory for persistence unit 'default'
2026-05-29T23:45:58.786+05:30  INFO 31500 --- [           main] o.s.d.j.r.query.QueryEnhancerFactory     : Hibernate is in classpath; If applicable, HQL parser will be used.
2026-05-29T23:46:01.129+05:30  WARN 31500 --- [           main] .s.s.UserDetailsServiceAutoConfiguration : 

Using generated security password: a50bcbd8-bee9-4a76-90f7-261689018963

This generated password is for development use only. Your security configuration must be updated before running your application in production.

2026-05-29T23:46:01.149+05:30  INFO 31500 --- [           main] r$InitializeUserDetailsManagerConfigurer : Global AuthenticationManager configured with UserDetailsService bean with name inMemoryUserDetailsManager
2026-05-29T23:46:02.003+05:30  WARN 31500 --- [           main] ConfigServletWebServerApplicationContext : Exception encountered during context initialization - cancelling refresh attempt: org.springframework.context.ApplicationContextException: Failed to start bean 'webServerStartStop'
2026-05-29T23:46:02.009+05:30  INFO 31500 --- [           main] j.LocalContainerEntityManagerFactoryBean : Closing JPA EntityManagerFactory for persistence unit 'default'
2026-05-29T23:46:02.012+05:30  INFO 31500 --- [           main] com.zaxxer.hikari.HikariDataSource       : HikariPool-1 - Shutdown initiated...
2026-05-29T23:46:02.025+05:30  INFO 31500 --- [           main] com.zaxxer.hikari.HikariDataSource       : HikariPool-1 - Shutdown completed.
2026-05-29T23:46:02.047+05:30  INFO 31500 --- [           main] .s.b.a.l.ConditionEvaluationReportLogger : 

Error starting ApplicationContext. To display the condition evaluation report re-run your application with 'debug' enabled.
2026-05-29T23:46:02.091+05:30 ERROR 31500 --- [           main] o.s.b.d.LoggingFailureAnalysisReporter   : 

***************************
APPLICATION FAILED TO START
***************************

Description:

Web server failed to start. Port 8080 was already in use.

Action:

Identify and stop the process that's listening on port 8080 or configure this application to listen on another port.

