
  .   ____          _            __ _ _
 /\\ / ___'_ __ _ _(_)_ __  __ _ \ \ \ \
( ( )\___ | '_ | '_| | '_ \/ _` | \ \ \ \
 \\/  ___)| |_)| | | | | || (_| |  ) ) ) )
  '  |____| .__|_| |_|_| |_\__, | / / / /
 =========|_|==============|___/=/_/_/_/

 :: Spring Boot ::                (v3.3.5)

2026-05-29T23:59:37.657+05:30  INFO 16856 --- [           main] com.bookmyturf.BookMyTurfApp             : Starting BookMyTurfApp v0.0.1-SNAPSHOT using Java 21.0.2 with PID 16856 (C:\Users\mkadu\OneDrive\Desktop\BookMyTurf\backend\target\bookmyturf-backend-0.0.1-SNAPSHOT.jar started by mkadu in C:\Users\mkadu\OneDrive\Desktop\BookMyTurf\backend)
2026-05-29T23:59:37.674+05:30  INFO 16856 --- [           main] com.bookmyturf.BookMyTurfApp             : No active profile set, falling back to 1 default profile: "default"
2026-05-29T23:59:39.136+05:30  INFO 16856 --- [           main] .s.d.r.c.RepositoryConfigurationDelegate : Bootstrapping Spring Data JPA repositories in DEFAULT mode.
2026-05-29T23:59:39.327+05:30  INFO 16856 --- [           main] .s.d.r.c.RepositoryConfigurationDelegate : Finished Spring Data repository scanning in 179 ms. Found 19 JPA repository interfaces.
2026-05-29T23:59:40.687+05:30  INFO 16856 --- [           main] o.s.b.w.embedded.tomcat.TomcatWebServer  : Tomcat initialized with port 8080 (http)
2026-05-29T23:59:40.702+05:30  INFO 16856 --- [           main] o.apache.catalina.core.StandardService   : Starting service [Tomcat]
2026-05-29T23:59:40.702+05:30  INFO 16856 --- [           main] o.apache.catalina.core.StandardEngine    : Starting Servlet engine: [Apache Tomcat/10.1.31]
2026-05-29T23:59:40.736+05:30  INFO 16856 --- [           main] o.a.c.c.C.[Tomcat].[localhost].[/]       : Initializing Spring embedded WebApplicationContext
2026-05-29T23:59:40.737+05:30  INFO 16856 --- [           main] w.s.c.ServletWebServerApplicationContext : Root WebApplicationContext: initialization completed in 2977 ms
2026-05-29T23:59:41.067+05:30  INFO 16856 --- [           main] o.hibernate.jpa.internal.util.LogHelper  : HHH000204: Processing PersistenceUnitInfo [name: default]
2026-05-29T23:59:41.206+05:30  INFO 16856 --- [           main] org.hibernate.Version                    : HHH000412: Hibernate ORM core version 6.5.3.Final
2026-05-29T23:59:41.265+05:30  INFO 16856 --- [           main] o.h.c.internal.RegionFactoryInitiator    : HHH000026: Second-level cache disabled
2026-05-29T23:59:41.818+05:30  INFO 16856 --- [           main] o.s.o.j.p.SpringPersistenceUnitInfo      : No LoadTimeWeaver setup: ignoring JPA class transformer
2026-05-29T23:59:41.880+05:30  INFO 16856 --- [           main] com.zaxxer.hikari.HikariDataSource       : HikariPool-1 - Starting...
2026-05-29T23:59:42.210+05:30  INFO 16856 --- [           main] com.zaxxer.hikari.pool.HikariPool        : HikariPool-1 - Added connection com.mysql.cj.jdbc.ConnectionImpl@2ffb0d10
2026-05-29T23:59:42.212+05:30  INFO 16856 --- [           main] com.zaxxer.hikari.HikariDataSource       : HikariPool-1 - Start completed.
2026-05-29T23:59:42.277+05:30  WARN 16856 --- [           main] org.hibernate.orm.deprecation            : HHH90000025: MySQLDialect does not need to be specified explicitly using 'hibernate.dialect' (remove the property setting and it will be selected by default)
2026-05-29T23:59:43.701+05:30  INFO 16856 --- [           main] o.h.e.t.j.p.i.JtaPlatformInitiator       : HHH000489: No JTA platform available (set 'hibernate.transaction.jta.platform' to enable JTA platform integration)
2026-05-29T23:59:44.273+05:30  INFO 16856 --- [           main] j.LocalContainerEntityManagerFactoryBean : Initialized JPA EntityManagerFactory for persistence unit 'default'
2026-05-29T23:59:45.035+05:30  INFO 16856 --- [           main] o.s.d.j.r.query.QueryEnhancerFactory     : Hibernate is in classpath; If applicable, HQL parser will be used.
2026-05-29T23:59:47.493+05:30  WARN 16856 --- [           main] .s.s.UserDetailsServiceAutoConfiguration : 

Using generated security password: 72f6c317-b4ba-4363-b20c-5bb533308666

This generated password is for development use only. Your security configuration must be updated before running your application in production.

2026-05-29T23:59:47.510+05:30  INFO 16856 --- [           main] r$InitializeUserDetailsManagerConfigurer : Global AuthenticationManager configured with UserDetailsService bean with name inMemoryUserDetailsManager
2026-05-29T23:59:48.391+05:30  INFO 16856 --- [           main] o.s.b.w.embedded.tomcat.TomcatWebServer  : Tomcat started on port 8080 (http) with context path '/'
2026-05-29T23:59:48.424+05:30  INFO 16856 --- [           main] com.bookmyturf.BookMyTurfApp             : Started BookMyTurfApp in 11.387 seconds (process running for 12.669)
2026-05-29T23:59:50.795+05:30  INFO 16856 --- [nio-8080-exec-2] o.a.c.c.C.[Tomcat].[localhost].[/]       : Initializing Spring DispatcherServlet 'dispatcherServlet'
2026-05-29T23:59:50.795+05:30  INFO 16856 --- [nio-8080-exec-2] o.s.web.servlet.DispatcherServlet        : Initializing Servlet 'dispatcherServlet'
2026-05-29T23:59:50.797+05:30  INFO 16856 --- [nio-8080-exec-2] o.s.web.servlet.DispatcherServlet        : Completed initialization in 2 ms
