[INFO] Scanning for projects...
[INFO] 
[INFO] -----------------< com.bookmyturf:bookmyturf-backend >------------------
[INFO] Building bookmyturf-backend 0.0.1-SNAPSHOT
[INFO]   from pom.xml
[INFO] --------------------------------[ jar ]---------------------------------
[INFO] 
[INFO] >>> spring-boot:3.3.5:run (default-cli) > test-compile @ bookmyturf-backend >>>
[INFO] 
[INFO] --- resources:3.3.1:resources (default-resources) @ bookmyturf-backend ---
[INFO] Copying 2 resources from src\main\resources to target\classes
[INFO] Copying 0 resource from src\main\resources to target\classes
[INFO] 
[INFO] --- compiler:3.13.0:compile (default-compile) @ bookmyturf-backend ---
[INFO] Nothing to compile - all classes are up to date.
[INFO] 
[INFO] --- resources:3.3.1:testResources (default-testResources) @ bookmyturf-backend ---
[INFO] skip non existing resourceDirectory C:\Users\mkadu\OneDrive\Desktop\BookMyTurf\backend\src\test\resources
[INFO] 
[INFO] --- compiler:3.13.0:testCompile (default-testCompile) @ bookmyturf-backend ---
[INFO] Nothing to compile - all classes are up to date.
[INFO] 
[INFO] <<< spring-boot:3.3.5:run (default-cli) < test-compile @ bookmyturf-backend <<<
[INFO] 
[INFO] 
[INFO] --- spring-boot:3.3.5:run (default-cli) @ bookmyturf-backend ---
[INFO] Attaching agents: []

  .   ____          _            __ _ _
 /\\ / ___'_ __ _ _(_)_ __  __ _ \ \ \ \
( ( )\___ | '_ | '_| | '_ \/ _` | \ \ \ \
 \\/  ___)| |_)| | | | | || (_| |  ) ) ) )
  '  |____| .__|_| |_|_| |_\__, | / / / /
 =========|_|==============|___/=/_/_/_/

 :: Spring Boot ::                (v3.3.5)

2026-05-25T17:49:22.976+05:30  INFO 12776 --- [           main] com.bookmyturf.BookMyTurfApp             : Starting BookMyTurfApp using Java 21.0.2 with PID 12776 (C:\Users\mkadu\OneDrive\Desktop\BookMyTurf\backend\target\classes started by mkadu in C:\Users\mkadu\OneDrive\Desktop\BookMyTurf\backend)
2026-05-25T17:49:22.979+05:30  INFO 12776 --- [           main] com.bookmyturf.BookMyTurfApp             : No active profile set, falling back to 1 default profile: "default"
2026-05-25T17:49:23.615+05:30  INFO 12776 --- [           main] .s.d.r.c.RepositoryConfigurationDelegate : Bootstrapping Spring Data JPA repositories in DEFAULT mode.
2026-05-25T17:49:23.711+05:30  INFO 12776 --- [           main] .s.d.r.c.RepositoryConfigurationDelegate : Finished Spring Data repository scanning in 90 ms. Found 19 JPA repository interfaces.
2026-05-25T17:49:24.182+05:30  INFO 12776 --- [           main] o.s.b.w.embedded.tomcat.TomcatWebServer  : Tomcat initialized with port 8080 (http)
2026-05-25T17:49:24.192+05:30  INFO 12776 --- [           main] o.apache.catalina.core.StandardService   : Starting service [Tomcat]
2026-05-25T17:49:24.192+05:30  INFO 12776 --- [           main] o.apache.catalina.core.StandardEngine    : Starting Servlet engine: [Apache Tomcat/10.1.31]
2026-05-25T17:49:24.233+05:30  INFO 12776 --- [           main] o.a.c.c.C.[Tomcat].[localhost].[/]       : Initializing Spring embedded WebApplicationContext
2026-05-25T17:49:24.233+05:30  INFO 12776 --- [           main] w.s.c.ServletWebServerApplicationContext : Root WebApplicationContext: initialization completed in 1221 ms
2026-05-25T17:49:24.375+05:30  INFO 12776 --- [           main] o.hibernate.jpa.internal.util.LogHelper  : HHH000204: Processing PersistenceUnitInfo [name: default]
2026-05-25T17:49:24.427+05:30  INFO 12776 --- [           main] org.hibernate.Version                    : HHH000412: Hibernate ORM core version 6.5.3.Final
2026-05-25T17:49:24.452+05:30  INFO 12776 --- [           main] o.h.c.internal.RegionFactoryInitiator    : HHH000026: Second-level cache disabled
2026-05-25T17:49:24.654+05:30  INFO 12776 --- [           main] o.s.o.j.p.SpringPersistenceUnitInfo      : No LoadTimeWeaver setup: ignoring JPA class transformer
2026-05-25T17:49:24.674+05:30  INFO 12776 --- [           main] com.zaxxer.hikari.HikariDataSource       : HikariPool-1 - Starting...
2026-05-25T17:49:24.784+05:30  INFO 12776 --- [           main] com.zaxxer.hikari.pool.HikariPool        : HikariPool-1 - Added connection com.mysql.cj.jdbc.ConnectionImpl@455da438
2026-05-25T17:49:24.785+05:30  INFO 12776 --- [           main] com.zaxxer.hikari.HikariDataSource       : HikariPool-1 - Start completed.
2026-05-25T17:49:24.817+05:30  WARN 12776 --- [           main] org.hibernate.orm.deprecation            : HHH90000025: MySQLDialect does not need to be specified explicitly using 'hibernate.dialect' (remove the property setting and it will be selected by default)
2026-05-25T17:49:25.753+05:30  INFO 12776 --- [           main] o.h.e.t.j.p.i.JtaPlatformInitiator       : HHH000489: No JTA platform available (set 'hibernate.transaction.jta.platform' to enable JTA platform integration)
2026-05-25T17:49:26.309+05:30  INFO 12776 --- [           main] j.LocalContainerEntityManagerFactoryBean : Initialized JPA EntityManagerFactory for persistence unit 'default'
2026-05-25T17:49:26.800+05:30  INFO 12776 --- [           main] o.s.d.j.r.query.QueryEnhancerFactory     : Hibernate is in classpath; If applicable, HQL parser will be used.
2026-05-25T17:49:28.921+05:30  WARN 12776 --- [           main] .s.s.UserDetailsServiceAutoConfiguration : 

Using generated security password: 43e5a778-0dc5-4744-8892-f6966a06b5e2

This generated password is for development use only. Your security configuration must be updated before running your application in production.

2026-05-25T17:49:28.930+05:30  INFO 12776 --- [           main] r$InitializeUserDetailsManagerConfigurer : Global AuthenticationManager configured with UserDetailsService bean with name inMemoryUserDetailsManager
2026-05-25T17:49:29.635+05:30  INFO 12776 --- [           main] o.s.b.w.embedded.tomcat.TomcatWebServer  : Tomcat started on port 8080 (http) with context path '/'
2026-05-25T17:49:29.644+05:30  INFO 12776 --- [           main] com.bookmyturf.BookMyTurfApp             : Started BookMyTurfApp in 6.94 seconds (process running for 7.209)
2026-05-25T17:49:43.242+05:30  INFO 12776 --- [nio-8080-exec-1] o.a.c.c.C.[Tomcat].[localhost].[/]       : Initializing Spring DispatcherServlet 'dispatcherServlet'
2026-05-25T17:49:43.242+05:30  INFO 12776 --- [nio-8080-exec-1] o.s.web.servlet.DispatcherServlet        : Initializing Servlet 'dispatcherServlet'
2026-05-25T17:49:43.243+05:30  INFO 12776 --- [nio-8080-exec-1] o.s.web.servlet.DispatcherServlet        : Completed initialization in 1 ms
[INFO] ------------------------------------------------------------------------
[INFO] BUILD FAILURE
[INFO] ------------------------------------------------------------------------
[INFO] Total time:  03:52 min
[INFO] Finished at: 2026-05-25T17:53:12+05:30
[INFO] ------------------------------------------------------------------------
[ERROR] Failed to execute goal org.springframework.boot:spring-boot-maven-plugin:3.3.5:run (default-cli) on project bookmyturf-backend: Process terminated with exit code: -1 -> [Help 1]
[ERROR] 
[ERROR] To see the full stack trace of the errors, re-run Maven with the -e switch.
[ERROR] Re-run Maven using the -X switch to enable full debug logging.
[ERROR] 
[ERROR] For more information about the errors and possible solutions, please read the following articles:
[ERROR] [Help 1] http://cwiki.apache.org/confluence/display/MAVEN/MojoExecutionException
