
  .   ____          _            __ _ _
 /\\ / ___'_ __ _ _(_)_ __  __ _ \ \ \ \
( ( )\___ | '_ | '_| | '_ \/ _` | \ \ \ \
 \\/  ___)| |_)| | | | | || (_| |  ) ) ) )
  '  |____| .__|_| |_|_| |_\__, | / / / /
 =========|_|==============|___/=/_/_/_/

 :: Spring Boot ::                (v3.3.5)

2026-05-21T07:32:02.764+05:30  INFO 6476 --- [           main] com.bookmyturf.BookMyTurfApp             : Starting BookMyTurfApp using Java 21.0.2 with PID 6476 (C:\Users\mkadu\OneDrive\Desktop\BookMyTurf\backend\target\classes started by mkadu in C:\Users\mkadu\OneDrive\Desktop\BookMyTurf\backend)
2026-05-21T07:32:02.766+05:30  INFO 6476 --- [           main] com.bookmyturf.BookMyTurfApp             : No active profile set, falling back to 1 default profile: "default"
2026-05-21T07:32:03.467+05:30  INFO 6476 --- [           main] .s.d.r.c.RepositoryConfigurationDelegate : Bootstrapping Spring Data JPA repositories in DEFAULT mode.
2026-05-21T07:32:03.574+05:30  INFO 6476 --- [           main] .s.d.r.c.RepositoryConfigurationDelegate : Finished Spring Data repository scanning in 101 ms. Found 19 JPA repository interfaces.
2026-05-21T07:32:04.062+05:30  INFO 6476 --- [           main] o.s.b.w.embedded.tomcat.TomcatWebServer  : Tomcat initialized with port 8080 (http)
2026-05-21T07:32:04.074+05:30  INFO 6476 --- [           main] o.apache.catalina.core.StandardService   : Starting service [Tomcat]
2026-05-21T07:32:04.074+05:30  INFO 6476 --- [           main] o.apache.catalina.core.StandardEngine    : Starting Servlet engine: [Apache Tomcat/10.1.31]
2026-05-21T07:32:04.122+05:30  INFO 6476 --- [           main] o.a.c.c.C.[Tomcat].[localhost].[/]       : Initializing Spring embedded WebApplicationContext
2026-05-21T07:32:04.123+05:30  INFO 6476 --- [           main] w.s.c.ServletWebServerApplicationContext : Root WebApplicationContext: initialization completed in 1318 ms
2026-05-21T07:32:04.252+05:30  INFO 6476 --- [           main] o.hibernate.jpa.internal.util.LogHelper  : HHH000204: Processing PersistenceUnitInfo [name: default]
2026-05-21T07:32:04.295+05:30  INFO 6476 --- [           main] org.hibernate.Version                    : HHH000412: Hibernate ORM core version 6.5.3.Final
2026-05-21T07:32:04.324+05:30  INFO 6476 --- [           main] o.h.c.internal.RegionFactoryInitiator    : HHH000026: Second-level cache disabled
2026-05-21T07:32:04.566+05:30  INFO 6476 --- [           main] o.s.o.j.p.SpringPersistenceUnitInfo      : No LoadTimeWeaver setup: ignoring JPA class transformer
2026-05-21T07:32:04.590+05:30  INFO 6476 --- [           main] com.zaxxer.hikari.HikariDataSource       : HikariPool-1 - Starting...
2026-05-21T07:32:04.730+05:30  INFO 6476 --- [           main] com.zaxxer.hikari.pool.HikariPool        : HikariPool-1 - Added connection com.mysql.cj.jdbc.ConnectionImpl@d3cce46
2026-05-21T07:32:04.732+05:30  INFO 6476 --- [           main] com.zaxxer.hikari.HikariDataSource       : HikariPool-1 - Start completed.
2026-05-21T07:32:04.775+05:30  WARN 6476 --- [           main] org.hibernate.orm.deprecation            : HHH90000025: MySQLDialect does not need to be specified explicitly using 'hibernate.dialect' (remove the property setting and it will be selected by default)
2026-05-21T07:32:05.740+05:30  INFO 6476 --- [           main] o.h.e.t.j.p.i.JtaPlatformInitiator       : HHH000489: No JTA platform available (set 'hibernate.transaction.jta.platform' to enable JTA platform integration)
2026-05-21T07:32:06.249+05:30  INFO 6476 --- [           main] j.LocalContainerEntityManagerFactoryBean : Initialized JPA EntityManagerFactory for persistence unit 'default'
2026-05-21T07:32:06.564+05:30  INFO 6476 --- [           main] o.s.d.j.r.query.QueryEnhancerFactory     : Hibernate is in classpath; If applicable, HQL parser will be used.
2026-05-21T07:32:07.276+05:30  WARN 6476 --- [           main] .s.s.UserDetailsServiceAutoConfiguration : 

Using generated security password: 60dd4182-5c18-4b2c-a38f-585a97be8084

This generated password is for development use only. Your security configuration must be updated before running your application in production.

2026-05-21T07:32:07.280+05:30  INFO 6476 --- [           main] r$InitializeUserDetailsManagerConfigurer : Global AuthenticationManager configured with UserDetailsService bean with name inMemoryUserDetailsManager
2026-05-21T07:32:07.579+05:30  INFO 6476 --- [           main] o.s.b.w.embedded.tomcat.TomcatWebServer  : Tomcat started on port 8080 (http) with context path '/'
2026-05-21T07:32:07.584+05:30  INFO 6476 --- [           main] com.bookmyturf.BookMyTurfApp             : Started BookMyTurfApp in 5.137 seconds (process running for 5.48)
2026-05-21T07:32:17.559+05:30  INFO 6476 --- [nio-8080-exec-1] o.a.c.c.C.[Tomcat].[localhost].[/]       : Initializing Spring DispatcherServlet 'dispatcherServlet'
2026-05-21T07:32:17.560+05:30  INFO 6476 --- [nio-8080-exec-1] o.s.web.servlet.DispatcherServlet        : Initializing Servlet 'dispatcherServlet'
2026-05-21T07:32:17.561+05:30  INFO 6476 --- [nio-8080-exec-1] o.s.web.servlet.DispatcherServlet        : Completed initialization in 0 ms
2026-05-21T07:33:45.260+05:30  INFO 6476 --- [nio-8080-exec-5] com.bookmyturf.service.BookingService    : Cancel booking 5: 2 slot(s) freed (slot_active → NULL)
[ERROR] Failed to execute goal org.springframework.boot:spring-boot-maven-plugin:3.3.5:run (default-cli) on project bookmyturf-backend: Process terminated with exit code: -1 -> [Help 1]
[ERROR] 
[ERROR] To see the full stack trace of the errors, re-run Maven with the -e switch.
[ERROR] Re-run Maven using the -X switch to enable full debug logging.
[ERROR] 
[ERROR] For more information about the errors and possible solutions, please read the following articles:
[ERROR] [Help 1] http://cwiki.apache.org/confluence/display/MAVEN/MojoExecutionException
