
  .   ____          _            __ _ _
 /\\ / ___'_ __ _ _(_)_ __  __ _ \ \ \ \
( ( )\___ | '_ | '_| | '_ \/ _` | \ \ \ \
 \\/  ___)| |_)| | | | | || (_| |  ) ) ) )
  '  |____| .__|_| |_|_| |_\__, | / / / /
 =========|_|==============|___/=/_/_/_/

 :: Spring Boot ::                (v3.3.5)

2026-05-24T22:59:32.093+05:30  INFO 32292 --- [           main] com.bookmyturf.BookMyTurfApp             : Starting BookMyTurfApp v0.0.1-SNAPSHOT using Java 21.0.2 with PID 32292 (C:\Users\mkadu\OneDrive\Desktop\BookMyTurf\backend\target\bookmyturf-backend-0.0.1-SNAPSHOT.jar started by mkadu in C:\Users\mkadu\OneDrive\Desktop\BookMyTurf\backend)
2026-05-24T22:59:32.096+05:30  INFO 32292 --- [           main] com.bookmyturf.BookMyTurfApp             : The following 1 profile is active: "local"
2026-05-24T22:59:33.482+05:30  INFO 32292 --- [           main] .s.d.r.c.RepositoryConfigurationDelegate : Bootstrapping Spring Data JPA repositories in DEFAULT mode.
2026-05-24T22:59:33.699+05:30  INFO 32292 --- [           main] .s.d.r.c.RepositoryConfigurationDelegate : Finished Spring Data repository scanning in 209 ms. Found 19 JPA repository interfaces.
2026-05-24T22:59:35.124+05:30  INFO 32292 --- [           main] o.s.b.w.embedded.tomcat.TomcatWebServer  : Tomcat initialized with port 8080 (http)
2026-05-24T22:59:35.145+05:30  INFO 32292 --- [           main] o.apache.catalina.core.StandardService   : Starting service [Tomcat]
2026-05-24T22:59:35.146+05:30  INFO 32292 --- [           main] o.apache.catalina.core.StandardEngine    : Starting Servlet engine: [Apache Tomcat/10.1.31]
2026-05-24T22:59:35.180+05:30  INFO 32292 --- [           main] o.a.c.c.C.[Tomcat].[localhost].[/]       : Initializing Spring embedded WebApplicationContext
2026-05-24T22:59:35.181+05:30  INFO 32292 --- [           main] w.s.c.ServletWebServerApplicationContext : Root WebApplicationContext: initialization completed in 3018 ms
2026-05-24T22:59:35.516+05:30  INFO 32292 --- [           main] o.hibernate.jpa.internal.util.LogHelper  : HHH000204: Processing PersistenceUnitInfo [name: default]
2026-05-24T22:59:35.628+05:30  INFO 32292 --- [           main] org.hibernate.Version                    : HHH000412: Hibernate ORM core version 6.5.3.Final
2026-05-24T22:59:35.694+05:30  INFO 32292 --- [           main] o.h.c.internal.RegionFactoryInitiator    : HHH000026: Second-level cache disabled
2026-05-24T22:59:36.206+05:30  INFO 32292 --- [           main] o.s.o.j.p.SpringPersistenceUnitInfo      : No LoadTimeWeaver setup: ignoring JPA class transformer
2026-05-24T22:59:36.246+05:30  INFO 32292 --- [           main] com.zaxxer.hikari.HikariDataSource       : HikariPool-1 - Starting...
2026-05-24T22:59:36.486+05:30  INFO 32292 --- [           main] com.zaxxer.hikari.pool.HikariPool        : HikariPool-1 - Added connection com.mysql.cj.jdbc.ConnectionImpl@318e3942
2026-05-24T22:59:36.488+05:30  INFO 32292 --- [           main] com.zaxxer.hikari.HikariDataSource       : HikariPool-1 - Start completed.
2026-05-24T22:59:36.544+05:30  WARN 32292 --- [           main] org.hibernate.orm.deprecation            : HHH90000025: MySQLDialect does not need to be specified explicitly using 'hibernate.dialect' (remove the property setting and it will be selected by default)
2026-05-24T22:59:37.817+05:30  INFO 32292 --- [           main] o.h.e.t.j.p.i.JtaPlatformInitiator       : HHH000489: No JTA platform available (set 'hibernate.transaction.jta.platform' to enable JTA platform integration)
2026-05-24T22:59:38.466+05:30  INFO 32292 --- [           main] j.LocalContainerEntityManagerFactoryBean : Initialized JPA EntityManagerFactory for persistence unit 'default'
2026-05-24T22:59:39.186+05:30  INFO 32292 --- [           main] o.s.d.j.r.query.QueryEnhancerFactory     : Hibernate is in classpath; If applicable, HQL parser will be used.
2026-05-24T22:59:42.210+05:30  WARN 32292 --- [           main] .s.s.UserDetailsServiceAutoConfiguration : 

Using generated security password: 682cf0f9-82fe-4a29-a22c-1ccea24f005e

This generated password is for development use only. Your security configuration must be updated before running your application in production.

2026-05-24T22:59:42.233+05:30  INFO 32292 --- [           main] r$InitializeUserDetailsManagerConfigurer : Global AuthenticationManager configured with UserDetailsService bean with name inMemoryUserDetailsManager
2026-05-24T22:59:43.394+05:30  INFO 32292 --- [           main] o.s.b.w.embedded.tomcat.TomcatWebServer  : Tomcat started on port 8080 (http) with context path '/'
2026-05-24T22:59:43.447+05:30  INFO 32292 --- [           main] com.bookmyturf.BookMyTurfApp             : Started BookMyTurfApp in 11.955 seconds (process running for 12.906)
2026-05-24T23:00:26.404+05:30  INFO 32292 --- [nio-8080-exec-1] o.a.c.c.C.[Tomcat].[localhost].[/]       : Initializing Spring DispatcherServlet 'dispatcherServlet'
2026-05-24T23:00:26.404+05:30  INFO 32292 --- [nio-8080-exec-1] o.s.web.servlet.DispatcherServlet        : Initializing Servlet 'dispatcherServlet'
2026-05-24T23:00:26.407+05:30  INFO 32292 --- [nio-8080-exec-1] o.s.web.servlet.DispatcherServlet        : Completed initialization in 3 ms
2026-05-24T23:00:28.729+05:30  INFO 32292 --- [nio-8080-exec-2] c.b.service.PayoutReleaseService         : PayoutRelease: 1 candidate(s) found
2026-05-24T23:00:28.782+05:30  INFO 32292 --- [nio-8080-exec-2] c.b.service.PayoutReleaseTransactor      : Payout 2 released (booking=3, amount=1080.00)
2026-05-24T23:00:28.804+05:30  INFO 32292 --- [nio-8080-exec-2] c.b.service.PayoutReleaseService         : PayoutRelease: 1/1 payout(s) released
